<?xml version="1.0" encoding="UTF-8"?>
<testng-results ignored="0" total="12" passed="12" failed="0" skipped="0">
  <reporter-output>
  </reporter-output>
  <suite started-at="2022-09-15T20:48:27 EDT" name="FREE CRM Application Test Automation Test Suite" finished-at="2022-09-15T20:50:23 EDT" duration-ms="116129">
    <groups>
    </groups>
    <test started-at="2022-09-15T20:48:27 EDT" name="Free CRM App Test Cases" finished-at="2022-09-15T20:50:23 EDT" duration-ms="116129">
      <class name="com.crm.qa.testcases.HomePageTest">
        <test-method is-config="true" signature="setUp()[pri:0, instance:com.crm.qa.testcases.HomePageTest@6bd61f98]" started-at="2022-09-15T20:48:57 EDT" name="setUp" finished-at="2022-09-15T20:49:06 EDT" duration-ms="8230" status="PASS">
          <reporter-output>
          </reporter-output>
        </test-method> <!-- setUp -->
        <test-method signature="verifyHomePageTitleTest()[pri:1, instance:com.crm.qa.testcases.HomePageTest@6bd61f98]" started-at="2022-09-15T20:49:06 EDT" name="verifyHomePageTitleTest" finished-at="2022-09-15T20:49:06 EDT" duration-ms="33" status="PASS">
          <reporter-output>
          </reporter-output>
        </test-method> <!-- verifyHomePageTitleTest -->
        <test-method is-config="true" signature="tearDown()[pri:0, instance:com.crm.qa.testcases.HomePageTest@6bd61f98]" started-at="2022-09-15T20:49:06 EDT" name="tearDown" finished-at="2022-09-15T20:49:06 EDT" duration-ms="688" status="PASS">
          <reporter-output>
          </reporter-output>
        </test-method> <!-- tearDown -->
        <test-method is-config="true" signature="setUp()[pri:0, instance:com.crm.qa.testcases.HomePageTest@6bd61f98]" started-at="2022-09-15T20:49:06 EDT" name="setUp" finished-at="2022-09-15T20:49:13 EDT" duration-ms="7050" status="PASS">
          <reporter-output>
          </reporter-output>
        </test-method> <!-- setUp -->
        <test-method signature="verifyUserNameTest()[pri:2, instance:com.crm.qa.testcases.HomePageTest@6bd61f98]" started-at="2022-09-15T20:49:13 EDT" name="verifyUserNameTest" finished-at="2022-09-15T20:49:14 EDT" duration-ms="115" status="PASS">
          <reporter-output>
          </reporter-output>
        </test-method> <!-- verifyUserNameTest -->
        <test-method is-config="true" signature="tearDown()[pri:0, instance:com.crm.qa.testcases.HomePageTest@6bd61f98]" started-at="2022-09-15T20:49:14 EDT" name="tearDown" finished-at="2022-09-15T20:49:14 EDT" duration-ms="707" status="PASS">
          <reporter-output>
          </reporter-output>
        </test-method> <!-- tearDown -->
        <test-method is-config="true" signature="setUp()[pri:0, instance:com.crm.qa.testcases.HomePageTest@6bd61f98]" started-at="2022-09-15T20:49:14 EDT" name="setUp" finished-at="2022-09-15T20:49:22 EDT" duration-ms="8094" status="PASS">
          <reporter-output>
          </reporter-output>
        </test-method> <!-- setUp -->
        <test-method signature="verifyContactsListTest()[pri:3, instance:com.crm.qa.testcases.HomePageTest@6bd61f98]" started-at="2022-09-15T20:49:22 EDT" name="verifyContactsListTest" finished-at="2022-09-15T20:49:23 EDT" duration-ms="703" status="PASS">
          <reporter-output>
          </reporter-output>
        </test-method> <!-- verifyContactsListTest -->
        <test-method is-config="true" signature="tearDown()[pri:0, instance:com.crm.qa.testcases.HomePageTest@6bd61f98]" started-at="2022-09-15T20:49:23 EDT" name="tearDown" finished-at="2022-09-15T20:49:24 EDT" duration-ms="604" status="PASS">
          <reporter-output>
          </reporter-output>
        </test-method> <!-- tearDown -->
      </class> <!-- com.crm.qa.testcases.HomePageTest -->
      <class name="com.crm.qa.testcases.ContactsPageTest">
        <test-method is-config="true" signature="setUp()[pri:0, instance:com.crm.qa.testcases.ContactsPageTest@b9b00e0]" started-at="2022-09-15T20:49:24 EDT" name="setUp" finished-at="2022-09-15T20:49:32 EDT" duration-ms="8396" status="PASS">
          <reporter-output>
          </reporter-output>
        </test-method> <!-- setUp -->
        <test-method signature="verifyContactsPageLabel()[pri:1, instance:com.crm.qa.testcases.ContactsPageTest@b9b00e0]" started-at="2022-09-15T20:49:32 EDT" name="verifyContactsPageLabel" finished-at="2022-09-15T20:49:32 EDT" duration-ms="48" status="PASS">
          <reporter-output>
          </reporter-output>
        </test-method> <!-- verifyContactsPageLabel -->
        <test-method is-config="true" signature="teardown()[pri:0, instance:com.crm.qa.testcases.ContactsPageTest@b9b00e0]" started-at="2022-09-15T20:49:32 EDT" name="teardown" finished-at="2022-09-15T20:49:33 EDT" duration-ms="681" status="PASS">
          <reporter-output>
          </reporter-output>
        </test-method> <!-- teardown -->
        <test-method is-config="true" signature="setUp()[pri:0, instance:com.crm.qa.testcases.ContactsPageTest@b9b00e0]" started-at="2022-09-15T20:49:33 EDT" name="setUp" finished-at="2022-09-15T20:49:41 EDT" duration-ms="8598" status="PASS">
          <reporter-output>
          </reporter-output>
        </test-method> <!-- setUp -->
        <test-method signature="selectSingleContactsTest()[pri:2, instance:com.crm.qa.testcases.ContactsPageTest@b9b00e0]" started-at="2022-09-15T20:49:41 EDT" name="selectSingleContactsTest" finished-at="2022-09-15T20:49:42 EDT" duration-ms="246" status="PASS">
          <reporter-output>
          </reporter-output>
        </test-method> <!-- selectSingleContactsTest -->
        <test-method is-config="true" signature="teardown()[pri:0, instance:com.crm.qa.testcases.ContactsPageTest@b9b00e0]" started-at="2022-09-15T20:49:42 EDT" name="teardown" finished-at="2022-09-15T20:49:42 EDT" duration-ms="583" status="PASS">
          <reporter-output>
          </reporter-output>
        </test-method> <!-- teardown -->
        <test-method is-config="true" signature="setUp()[pri:0, instance:com.crm.qa.testcases.ContactsPageTest@b9b00e0]" started-at="2022-09-15T20:49:42 EDT" name="setUp" finished-at="2022-09-15T20:49:49 EDT" duration-ms="7295" status="PASS">
          <reporter-output>
          </reporter-output>
        </test-method> <!-- setUp -->
        <test-method signature="selectMultipleContactsTest()[pri:3, instance:com.crm.qa.testcases.ContactsPageTest@b9b00e0]" started-at="2022-09-15T20:49:49 EDT" name="selectMultipleContactsTest" finished-at="2022-09-15T20:49:50 EDT" duration-ms="459" status="PASS">
          <reporter-output>
          </reporter-output>
        </test-method> <!-- selectMultipleContactsTest -->
        <test-method is-config="true" signature="teardown()[pri:0, instance:com.crm.qa.testcases.ContactsPageTest@b9b00e0]" started-at="2022-09-15T20:49:50 EDT" name="teardown" finished-at="2022-09-15T20:49:51 EDT" duration-ms="584" status="PASS">
          <reporter-output>
          </reporter-output>
        </test-method> <!-- teardown -->
        <test-method is-config="true" signature="setUp()[pri:0, instance:com.crm.qa.testcases.ContactsPageTest@b9b00e0]" started-at="2022-09-15T20:49:52 EDT" name="setUp" finished-at="2022-09-15T20:50:00 EDT" duration-ms="7844" status="PASS">
          <reporter-output>
          </reporter-output>
        </test-method> <!-- setUp -->
        <test-method signature="validateCreateNewContact(java.lang.String,java.lang.String,java.lang.String,java.lang.String)[pri:4, instance:com.crm.qa.testcases.ContactsPageTest@b9b00e0]" started-at="2022-09-15T20:50:00 EDT" name="validateCreateNewContact" data-provider="getCRMTestData" finished-at="2022-09-15T20:50:02 EDT" duration-ms="2766" status="PASS">
          <params>
            <param index="0">
              <value>
                <![CDATA[Mr.]]>
              </value>
            </param>
            <param index="1">
              <value>
                <![CDATA[Tom]]>
              </value>
            </param>
            <param index="2">
              <value>
                <![CDATA[Peter]]>
              </value>
            </param>
            <param index="3">
              <value>
                <![CDATA[Google]]>
              </value>
            </param>
          </params>
          <reporter-output>
          </reporter-output>
        </test-method> <!-- validateCreateNewContact -->
        <test-method is-config="true" signature="teardown()[pri:0, instance:com.crm.qa.testcases.ContactsPageTest@b9b00e0]" started-at="2022-09-15T20:50:02 EDT" name="teardown" finished-at="2022-09-15T20:50:03 EDT" duration-ms="585" status="PASS">
          <reporter-output>
          </reporter-output>
        </test-method> <!-- teardown -->
        <test-method is-config="true" signature="setUp()[pri:0, instance:com.crm.qa.testcases.ContactsPageTest@b9b00e0]" started-at="2022-09-15T20:50:03 EDT" name="setUp" finished-at="2022-09-15T20:50:11 EDT" duration-ms="7929" status="PASS">
          <reporter-output>
          </reporter-output>
        </test-method> <!-- setUp -->
        <test-method signature="validateCreateNewContact(java.lang.String,java.lang.String,java.lang.String,java.lang.String)[pri:4, instance:com.crm.qa.testcases.ContactsPageTest@b9b00e0]" started-at="2022-09-15T20:50:11 EDT" name="validateCreateNewContact" data-provider="getCRMTestData" finished-at="2022-09-15T20:50:13 EDT" duration-ms="1845" status="PASS">
          <params>
            <param index="0">
              <value>
                <![CDATA[Dr.]]>
              </value>
            </param>
            <param index="1">
              <value>
                <![CDATA[David]]>
              </value>
            </param>
            <param index="2">
              <value>
                <![CDATA[Cris]]>
              </value>
            </param>
            <param index="3">
              <value>
                <![CDATA[Amazon]]>
              </value>
            </param>
          </params>
          <reporter-output>
          </reporter-output>
        </test-method> <!-- validateCreateNewContact -->
        <test-method is-config="true" signature="teardown()[pri:0, instance:com.crm.qa.testcases.ContactsPageTest@b9b00e0]" started-at="2022-09-15T20:50:13 EDT" name="teardown" finished-at="2022-09-15T20:50:13 EDT" duration-ms="583" status="PASS">
          <reporter-output>
          </reporter-output>
        </test-method> <!-- teardown -->
        <test-method is-config="true" signature="setUp()[pri:0, instance:com.crm.qa.testcases.ContactsPageTest@b9b00e0]" started-at="2022-09-15T20:50:13 EDT" name="setUp" finished-at="2022-09-15T20:50:21 EDT" duration-ms="7462" status="PASS">
          <reporter-output>
          </reporter-output>
        </test-method> <!-- setUp -->
        <test-method signature="validateCreateNewContact(java.lang.String,java.lang.String,java.lang.String,java.lang.String)[pri:4, instance:com.crm.qa.testcases.ContactsPageTest@b9b00e0]" started-at="2022-09-15T20:50:21 EDT" name="validateCreateNewContact" data-provider="getCRMTestData" finished-at="2022-09-15T20:50:22 EDT" duration-ms="1811" status="PASS">
          <params>
            <param index="0">
              <value>
                <![CDATA[Mrs.]]>
              </value>
            </param>
            <param index="1">
              <value>
                <![CDATA[Mukta]]>
              </value>
            </param>
            <param index="2">
              <value>
                <![CDATA[Sharma]]>
              </value>
            </param>
            <param index="3">
              <value>
                <![CDATA[Ebay]]>
              </value>
            </param>
          </params>
          <reporter-output>
          </reporter-output>
        </test-method> <!-- validateCreateNewContact -->
        <test-method is-config="true" signature="teardown()[pri:0, instance:com.crm.qa.testcases.ContactsPageTest@b9b00e0]" started-at="2022-09-15T20:50:23 EDT" name="teardown" finished-at="2022-09-15T20:50:23 EDT" duration-ms="607" status="PASS">
          <reporter-output>
          </reporter-output>
        </test-method> <!-- teardown -->
      </class> <!-- com.crm.qa.testcases.ContactsPageTest -->
      <class name="com.crm.qa.testcases.LoginPageTest">
        <test-method is-config="true" signature="setUp()[pri:0, instance:com.crm.qa.testcases.LoginPageTest@d5b810e]" started-at="2022-09-15T20:48:27 EDT" name="setUp" finished-at="2022-09-15T20:48:35 EDT" duration-ms="8415" status="PASS">
          <reporter-output>
          </reporter-output>
        </test-method> <!-- setUp -->
        <test-method signature="loginPageTitleTest()[pri:1, instance:com.crm.qa.testcases.LoginPageTest@d5b810e]" started-at="2022-09-15T20:48:35 EDT" name="loginPageTitleTest" finished-at="2022-09-15T20:48:35 EDT" duration-ms="31" status="PASS">
          <reporter-output>
          </reporter-output>
        </test-method> <!-- loginPageTitleTest -->
        <test-method is-config="true" signature="tearDown()[pri:0, instance:com.crm.qa.testcases.LoginPageTest@d5b810e]" started-at="2022-09-15T20:48:35 EDT" name="tearDown" finished-at="2022-09-15T20:48:36 EDT" duration-ms="592" status="PASS">
          <reporter-output>
          </reporter-output>
        </test-method> <!-- tearDown -->
        <test-method is-config="true" signature="setUp()[pri:0, instance:com.crm.qa.testcases.LoginPageTest@d5b810e]" started-at="2022-09-15T20:48:36 EDT" name="setUp" finished-at="2022-09-15T20:48:42 EDT" duration-ms="5496" status="PASS">
          <reporter-output>
          </reporter-output>
        </test-method> <!-- setUp -->
        <test-method signature="crmLogoImageTest()[pri:2, instance:com.crm.qa.testcases.LoginPageTest@d5b810e]" started-at="2022-09-15T20:48:42 EDT" name="crmLogoImageTest" finished-at="2022-09-15T20:48:42 EDT" duration-ms="112" status="PASS">
          <reporter-output>
          </reporter-output>
        </test-method> <!-- crmLogoImageTest -->
        <test-method is-config="true" signature="tearDown()[pri:0, instance:com.crm.qa.testcases.LoginPageTest@d5b810e]" started-at="2022-09-15T20:48:42 EDT" name="tearDown" finished-at="2022-09-15T20:48:42 EDT" duration-ms="687" status="PASS">
          <reporter-output>
          </reporter-output>
        </test-method> <!-- tearDown -->
        <test-method is-config="true" signature="setUp()[pri:0, instance:com.crm.qa.testcases.LoginPageTest@d5b810e]" started-at="2022-09-15T20:48:42 EDT" name="setUp" finished-at="2022-09-15T20:48:47 EDT" duration-ms="5045" status="PASS">
          <reporter-output>
          </reporter-output>
        </test-method> <!-- setUp -->
        <test-method signature="loginTest()[pri:3, instance:com.crm.qa.testcases.LoginPageTest@d5b810e]" started-at="2022-09-15T20:48:47 EDT" name="loginTest" finished-at="2022-09-15T20:48:57 EDT" duration-ms="9230" status="PASS">
          <reporter-output>
          </reporter-output>
        </test-method> <!-- loginTest -->
        <test-method is-config="true" signature="tearDown()[pri:0, instance:com.crm.qa.testcases.LoginPageTest@d5b810e]" started-at="2022-09-15T20:48:57 EDT" name="tearDown" finished-at="2022-09-15T20:48:57 EDT" duration-ms="717" status="PASS">
          <reporter-output>
          </reporter-output>
        </test-method> <!-- tearDown -->
      </class> <!-- com.crm.qa.testcases.LoginPageTest -->
    </test> <!-- Free CRM App Test Cases -->
  </suite> <!-- FREE CRM Application Test Automation Test Suite -->
</testng-results>
